<?xml version="1.0" encoding="UTF-8"?>
<!-- Generated by org.testng.reporters.JUnitXMLReporter -->
<testsuite ignored="0" hostname="DESKTOP-1J6Q2U8" failures="0" tests="3" name="Test" time="1.857" errors="0" timestamp="2025-06-02T13:32:55 IST">
  <testcase classname="validate_HTTP_Response_Status.Validate_HTTP_Response_Status_Code" name="Testcase_Validatable_HTTP_Response_code" time="1.589"/>
  <testcase classname="validate_HTTP_Response_Status.Validate_HTTP_Response_Status_Code" name="Testcase_Validatable_HTTP_Response_code_withBDD_Method" time="0.091"/>
  <testcase classname="validate_HTTP_Response_Status.Validate_HTTP_Response_Status_Code" name="Testcase_Validate_HTTP_Response_code" time="0.122"/>
</testsuite> <!-- Test -->
