<?xml version="1.0" encoding="UTF-8"?>
<!-- Generated by org.testng.reporters.JUnitXMLReporter -->
<testsuite ignored="0" hostname="DESKTOP-1J6Q2U8" failures="0" tests="8" name="Test" time="2.105" errors="0" timestamp="2025-06-02T11:51:35 IST">
  <testcase classname="API_Testing_CURD_Operation.API_GetMethod" name="Test03_API_Key_without_BDD" time="1.724"/>
  <testcase classname="API_Testing_CURD_Operation.API_GetMethod" name="test01_Without_BDD" time="0.055"/>
  <testcase classname="API_Testing_CURD_Operation.API_GetMethod" name="test01_Without_BDD" time="0.029"/>
  <testcase classname="API_Testing_CURD_Operation.API_GetMethod" name="test01_Without_BDD" time="0.032"/>
  <testcase classname="API_Testing_CURD_Operation.API_PutMethod" name="testcase01" time="1.965"/>
  <testcase classname="API_Testing_CURD_Operation.API_PatchMethod" name="testcase01" time="2.022"/>
  <testcase classname="API_Testing_CURD_Operation.API_DeleteMethod" name="testcase01" time="2.034"/>
  <testcase classname="API_Testing_CURD_Operation.API_PostMethod" name="Testcase01" time="2.047"/>
</testsuite> <!-- Test -->
