<?xml version="1.0" encoding="UTF-8"?>
<testng-results ignored="0" total="1" passed="1" failed="0" skipped="0">
  <reporter-output>
  </reporter-output>
  <suite started-at="2025-06-02T17:48:49 IST" name="Default suite" finished-at="2025-06-02T17:48:50 IST" duration-ms="1556">
    <groups>
    </groups>
    <test started-at="2025-06-02T17:48:49 IST" name="Default test" finished-at="2025-06-02T17:48:50 IST" duration-ms="1556">
      <class name="api_key_authentication.Api_key_authent">
        <test-method signature="Bearertoken()[pri:0, instance:api_key_authentication.Api_key_authent@5c33f1a9]" started-at="2025-06-02T17:48:49 IST" name="Bearertoken" finished-at="2025-06-02T17:48:50 IST" duration-ms="1503" status="PASS">
          <reporter-output>
          </reporter-output>
        </test-method> <!-- Bearertoken -->
      </class> <!-- api_key_authentication.Api_key_authent -->
    </test> <!-- Default test -->
  </suite> <!-- Default suite -->
</testng-results>
