<?xml version="1.0" encoding="UTF-8"?>
<testng-results ignored="0" total="1" passed="1" failed="0" skipped="0">
  <reporter-output>
  </reporter-output>
  <suite started-at="2025-06-03T12:56:33 IST" name="Default suite" finished-at="2025-06-03T12:56:35 IST" duration-ms="1919">
    <groups>
    </groups>
    <test started-at="2025-06-03T12:56:33 IST" name="Default test" finished-at="2025-06-03T12:56:35 IST" duration-ms="1919">
      <class name="authorization_OAuth.OAuth_Authorization">
        <test-method signature="OAuth2_ClientCredentials()[pri:0, instance:authorization_OAuth.OAuth_Authorization@5c33f1a9]" started-at="2025-06-03T12:56:33 IST" name="OAuth2_ClientCredentials" finished-at="2025-06-03T12:56:35 IST" duration-ms="1871" status="PASS">
          <reporter-output>
          </reporter-output>
        </test-method> <!-- OAuth2_ClientCredentials -->
      </class> <!-- authorization_OAuth.OAuth_Authorization -->
    </test> <!-- Default test -->
  </suite> <!-- Default suite -->
</testng-results>
